INFO: [SIM 2] *************** CSIM start ***************
INFO: [SIM 4] CSIM will launch GCC as the compiler.
   Compiling ../../../../mm_tb.cpp in debug mode
   Compiling ../../../../mm_kernel.cpp in debug mode
   Generating csim.exe
obj/mm_tb.o: In function `main':
/local-scratch/localhome/kja56/ENSC453_LAB3/lab1-base-code/proj_lab3/solution1/csim/build/../../../../mm_tb.cpp:37: undefined reference to `kernel_gemm(float*, float*, float*, float, float)'
collect2: error: ld returned 1 exit status
make: *** [Makefile.rules:393: csim.exe] Error 1
ERR: [SIM 100] 'csim_design' failed: compilation error(s).
INFO: [SIM 3] *************** CSIM finish ***************
